16:32:27,892 (main) DEBUG [DataNucleus.General] - Using PluginRegistry org.datanucleus.plugin.NonManagedPluginRegistry
16:32:27,926 (main) DEBUG [DataNucleus.General] - Registering bundle org.datanucleus.api.jdo version 5.1.7 at URL file:/Users/luchorb/OneDrive%20-%20Universidad%20de%20Los%20Andes/Documentos%20Universidad/201910/Sistrans/Iteraciones/Iteracion%202/Iteracion%202/lib/datanucleus-api-jdo-5.1.7.jar.
16:32:27,944 (main) DEBUG [DataNucleus.General] - Loading extension points and extensions from plug-in file jar:file:/Users/luchorb/OneDrive%20-%20Universidad%20de%20Los%20Andes/Documentos%20Universidad/201910/Sistrans/Iteraciones/Iteracion%202/Iteracion%202/lib/datanucleus-api-jdo-5.1.7.jar!/plugin.xml.
16:32:27,951 (main) DEBUG [DataNucleus.General] - Registering bundle org.datanucleus version 5.1.10 at URL file:/Users/luchorb/OneDrive%20-%20Universidad%20de%20Los%20Andes/Documentos%20Universidad/201910/Sistrans/Iteraciones/Iteracion%202/Iteracion%202/lib/datanucleus-core-5.1.10.jar.
16:32:27,953 (main) DEBUG [DataNucleus.General] - Loading extension points and extensions from plug-in file jar:file:/Users/luchorb/OneDrive%20-%20Universidad%20de%20Los%20Andes/Documentos%20Universidad/201910/Sistrans/Iteraciones/Iteracion%202/Iteracion%202/lib/datanucleus-core-5.1.10.jar!/plugin.xml.
16:32:27,959 (main) DEBUG [DataNucleus.General] - Registering bundle org.datanucleus.store.rdbms version 5.1.10 at URL file:/Users/luchorb/OneDrive%20-%20Universidad%20de%20Los%20Andes/Documentos%20Universidad/201910/Sistrans/Iteraciones/Iteracion%202/Iteracion%202/lib/datanucleus-rdbms-5.1.10.jar.
16:32:27,969 (main) DEBUG [DataNucleus.General] - Loading extension points and extensions from plug-in file jar:file:/Users/luchorb/OneDrive%20-%20Universidad%20de%20Los%20Andes/Documentos%20Universidad/201910/Sistrans/Iteraciones/Iteracion%202/Iteracion%202/lib/datanucleus-rdbms-5.1.10.jar!/plugin.xml.
16:32:28,006 (main) DEBUG [DataNucleus.MetaData] - Parsing MetaData file "file:/Users/luchorb/OneDrive%20-%20Universidad%20de%20Los%20Andes/Documentos%20Universidad/201910/Sistrans/Iteraciones/Iteracion%202/Iteracion%202/bin/META-INF/persistence.xml" using handler "persistence" (validation="false")
16:32:28,044 (main) DEBUG [DataNucleus.Persistence] - Java types support initialising ...
16:32:28,107 (main) DEBUG [DataNucleus.Persistence] - Java types support loaded : supported java types=[B, [C, [D, [F, [I, [J, [Ljava.lang.Boolean;, [Ljava.lang.Byte;, [Ljava.lang.Character;, [Ljava.lang.Double;, [Ljava.lang.Enum;, [Ljava.lang.Float;, [Ljava.lang.Integer;, [Ljava.lang.Long;, [Ljava.lang.Number;, [Ljava.lang.Object;, [Ljava.lang.Short;, [Ljava.lang.String;, [Ljava.math.BigDecimal;, [Ljava.math.BigInteger;, [Ljava.util.Date;, [Ljava.util.Locale;, [S, [Z, boolean, byte, char, double, float, int, java.awt.Color, java.awt.image.BufferedImage, java.lang.Boolean, java.lang.Byte, java.lang.Character, java.lang.Class, java.lang.Double, java.lang.Enum, java.lang.Float, java.lang.Integer, java.lang.Long, java.lang.Number, java.lang.Short, java.lang.String, java.lang.StringBuffer, java.lang.StringBuilder, java.math.BigDecimal, java.math.BigInteger, java.net.URI, java.net.URL, java.sql.Date, java.sql.Time, java.sql.Timestamp, java.time.Duration, java.time.Instant, java.time.LocalDate, java.time.LocalDateTime, java.time.LocalTime, java.time.MonthDay, java.time.OffsetDateTime, java.time.OffsetTime, java.time.Period, java.time.Year, java.time.YearMonth, java.time.ZonedDateTime, java.time.ZoneId, java.time.ZoneOffset, java.util.ArrayList, java.util.Arrays$ArrayList, java.util.BitSet, java.util.Calendar, java.util.Collection, java.util.Currency, java.util.Date, java.util.GregorianCalendar, java.util.HashMap, java.util.HashSet, java.util.Hashtable, java.util.LinkedHashMap, java.util.LinkedHashSet, java.util.LinkedList, java.util.List, java.util.Locale, java.util.Map, java.util.Optional, java.util.PriorityQueue, java.util.Properties, java.util.Queue, java.util.Set, java.util.SortedMap, java.util.SortedSet, java.util.Stack, java.util.TimeZone, java.util.TreeMap, java.util.TreeSet, java.util.UUID, java.util.Vector, long, short
16:32:28,107 (main) DEBUG [DataNucleus.Persistence] - Type converter support initialising ...
16:32:28,133 (main) DEBUG [DataNucleus.Persistence] - Type converter support loaded
16:32:28,134 (main) DEBUG [DataNucleus.Persistence] - TypeConverter(s) available for byte[] to : java.nio.ByteBuffer
16:32:28,134 (main) DEBUG [DataNucleus.Persistence] - TypeConverter(s) available for char[] to : java.nio.ByteBuffer
16:32:28,134 (main) DEBUG [DataNucleus.Persistence] - TypeConverter(s) available for double[] to : java.nio.ByteBuffer
16:32:28,134 (main) DEBUG [DataNucleus.Persistence] - TypeConverter(s) available for float[] to : java.nio.ByteBuffer
16:32:28,134 (main) DEBUG [DataNucleus.Persistence] - TypeConverter(s) available for int[] to : java.nio.ByteBuffer
16:32:28,134 (main) DEBUG [DataNucleus.Persistence] - TypeConverter(s) available for long[] to : java.nio.ByteBuffer
16:32:28,134 (main) DEBUG [DataNucleus.Persistence] - TypeConverter(s) available for [Ljava.math.BigDecimal; to : java.nio.ByteBuffer
16:32:28,134 (main) DEBUG [DataNucleus.Persistence] - TypeConverter(s) available for [Ljava.math.BigInteger; to : java.nio.ByteBuffer
16:32:28,134 (main) DEBUG [DataNucleus.Persistence] - TypeConverter(s) available for short[] to : java.nio.ByteBuffer
16:32:28,134 (main) DEBUG [DataNucleus.Persistence] - TypeConverter(s) available for boolean[] to : java.nio.ByteBuffer
16:32:28,134 (main) DEBUG [DataNucleus.Persistence] - TypeConverter(s) available for java.awt.Color to : java.lang.String,int[]
16:32:28,134 (main) DEBUG [DataNucleus.Persistence] - TypeConverter(s) available for java.awt.image.BufferedImage to : java.nio.ByteBuffer,byte[]
16:32:28,134 (main) DEBUG [DataNucleus.Persistence] - TypeConverter(s) available for java.io.Serializable to : java.nio.ByteBuffer,java.lang.String,byte[]
16:32:28,134 (main) DEBUG [DataNucleus.Persistence] - TypeConverter(s) available for java.lang.Boolean to : java.lang.Character,java.lang.Integer
16:32:28,134 (main) DEBUG [DataNucleus.Persistence] - TypeConverter(s) available for java.lang.Character to : java.lang.String
16:32:28,134 (main) DEBUG [DataNucleus.Persistence] - TypeConverter(s) available for java.lang.Class to : java.lang.String
16:32:28,134 (main) DEBUG [DataNucleus.Persistence] - TypeConverter(s) available for java.lang.Integer to : java.lang.String
16:32:28,135 (main) DEBUG [DataNucleus.Persistence] - TypeConverter(s) available for java.lang.Long to : java.lang.String
16:32:28,135 (main) DEBUG [DataNucleus.Persistence] - TypeConverter(s) available for java.lang.StringBuffer to : java.lang.String
16:32:28,135 (main) DEBUG [DataNucleus.Persistence] - TypeConverter(s) available for java.lang.StringBuilder to : java.lang.String
16:32:28,135 (main) DEBUG [DataNucleus.Persistence] - TypeConverter(s) available for java.math.BigDecimal to : java.lang.String,java.lang.Double
16:32:28,135 (main) DEBUG [DataNucleus.Persistence] - TypeConverter(s) available for java.math.BigInteger to : java.lang.String,java.lang.Long
16:32:28,135 (main) DEBUG [DataNucleus.Persistence] - TypeConverter(s) available for java.net.URI to : java.lang.String
16:32:28,135 (main) DEBUG [DataNucleus.Persistence] - TypeConverter(s) available for java.net.URL to : java.lang.String
16:32:28,135 (main) DEBUG [DataNucleus.Persistence] - TypeConverter(s) available for java.sql.Date to : java.util.Date,java.lang.String,java.lang.Long
16:32:28,135 (main) DEBUG [DataNucleus.Persistence] - TypeConverter(s) available for java.sql.Time to : java.util.Date,java.lang.String,java.lang.Long
16:32:28,135 (main) DEBUG [DataNucleus.Persistence] - TypeConverter(s) available for java.sql.Timestamp to : java.util.Date,java.lang.String,java.lang.Long
16:32:28,135 (main) DEBUG [DataNucleus.Persistence] - TypeConverter(s) available for java.time.Duration to : java.lang.String,java.lang.Long,java.lang.Double
16:32:28,135 (main) DEBUG [DataNucleus.Persistence] - TypeConverter(s) available for java.time.Instant to : java.sql.Timestamp,java.util.Date,java.lang.String,java.lang.Long
16:32:28,135 (main) DEBUG [DataNucleus.Persistence] - TypeConverter(s) available for java.time.LocalDate to : java.util.Date,java.lang.String,java.sql.Date
16:32:28,135 (main) DEBUG [DataNucleus.Persistence] - TypeConverter(s) available for java.time.LocalDateTime to : java.sql.Timestamp,java.util.Date,java.lang.String
16:32:28,136 (main) DEBUG [DataNucleus.Persistence] - TypeConverter(s) available for java.time.LocalTime to : java.sql.Time,java.util.Date,java.lang.String,java.lang.Long
16:32:28,136 (main) DEBUG [DataNucleus.Persistence] - TypeConverter(s) available for java.time.MonthDay to : java.util.Date,java.lang.String,java.sql.Date,int[]
16:32:28,136 (main) DEBUG [DataNucleus.Persistence] - TypeConverter(s) available for java.time.OffsetDateTime to : java.sql.Timestamp,java.util.Date,java.lang.String
16:32:28,136 (main) DEBUG [DataNucleus.Persistence] - TypeConverter(s) available for java.time.OffsetTime to : java.sql.Time,java.lang.String,java.lang.Long
16:32:28,136 (main) DEBUG [DataNucleus.Persistence] - TypeConverter(s) available for java.time.Period to : java.lang.String,int[]
16:32:28,136 (main) DEBUG [DataNucleus.Persistence] - TypeConverter(s) available for java.time.Year to : java.lang.String,java.lang.Integer
16:32:28,136 (main) DEBUG [DataNucleus.Persistence] - TypeConverter(s) available for java.time.YearMonth to : java.util.Date,java.lang.String,java.sql.Date,int[]
16:32:28,136 (main) DEBUG [DataNucleus.Persistence] - TypeConverter(s) available for java.time.ZonedDateTime to : java.sql.Timestamp,java.lang.String
16:32:28,136 (main) DEBUG [DataNucleus.Persistence] - TypeConverter(s) available for java.time.ZoneId to : java.lang.String
16:32:28,136 (main) DEBUG [DataNucleus.Persistence] - TypeConverter(s) available for java.time.ZoneOffset to : java.lang.String
16:32:28,136 (main) DEBUG [DataNucleus.Persistence] - TypeConverter(s) available for java.util.BitSet to : java.lang.String
16:32:28,136 (main) DEBUG [DataNucleus.Persistence] - TypeConverter(s) available for java.util.Calendar to : java.util.Date,java.sql.Timestamp,[Ljava.lang.Object;,java.lang.String
16:32:28,136 (main) DEBUG [DataNucleus.Persistence] - TypeConverter(s) available for java.util.Currency to : java.lang.String
16:32:28,136 (main) DEBUG [DataNucleus.Persistence] - TypeConverter(s) available for java.util.Date to : java.lang.String,java.lang.Long
16:32:28,136 (main) DEBUG [DataNucleus.Persistence] - TypeConverter(s) available for java.util.Locale to : java.lang.String
16:32:28,136 (main) DEBUG [DataNucleus.Persistence] - TypeConverter(s) available for java.util.TimeZone to : java.lang.String
16:32:28,136 (main) DEBUG [DataNucleus.Persistence] - TypeConverter(s) available for java.util.UUID to : java.lang.String
16:32:28,137 (main) DEBUG [DataNucleus.MetaData] - MetaDataManager : Input=(XML,Annotations), XML-Validation=false, XML-Suffices=(persistence=*.jdo, orm=orm, query=*.jdoquery) mapping-name=oracle, JDO-listener=false
16:32:28,137 (main) DEBUG [DataNucleus.MetaData] - MetaData Management : Loading Metadata for persistence-unit "Parranderos" ...
16:32:28,137 (main) DEBUG [DataNucleus.MetaData] - MetaData Management : Load of Metadata complete
16:32:28,139 (main) DEBUG [DataNucleus.Datastore] - Creating StoreManager for datastore
16:32:28,726 (main) DEBUG [DataNucleus.Connection] - Created ConnectionPool "tx" as data source using pooling type of dbcp2-builtin
16:32:28,726 (main) DEBUG [DataNucleus.Connection] - Registered transactional connection factory under name "rdbms/tx"
16:32:28,726 (main) DEBUG [DataNucleus.Connection] - Registered nontransactional connection factory under name "rdbms/nontx"
16:32:28,741 (main) DEBUG [DataNucleus.Connection] - Created ConnectionPool "nontx" as data source using pooling type of dbcp2-builtin
16:32:30,551 (main) DEBUG [DataNucleus.Connection] - ManagedConnection OPENED : "org.datanucleus.store.rdbms.ConnectionFactoryImpl$ManagedConnectionImpl@5d7148e2 [conn=null, commitOnRelease=true, closeOnRelease=true, closeOnTxnEnd=true]" on resource "nontx"
16:32:31,021 (main) DEBUG [DataNucleus.Datastore] - Removing RDBMS support for Java type java.lang.Boolean, jdbc-type=BOOLEAN
16:32:31,022 (main) DEBUG [DataNucleus.Datastore] - RDBMS support configured for "[B" using jdbc-types=[BLOB, VARBINARY, LONGVARBINARY], sql-types=[BLOB, VARBINARY, LONGVARBINARY] with default (jdbc-type=BLOB, sql-type=BLOB)
16:32:31,022 (main) DEBUG [DataNucleus.Datastore] - RDBMS support configured for "java.io.File" using jdbc-types=[LONGVARBINARY], sql-types=[LONGVARBINARY] with default (jdbc-type=LONGVARBINARY, sql-type=LONGVARBINARY)
16:32:31,022 (main) DEBUG [DataNucleus.Datastore] - RDBMS support configured for "java.io.Serializable" using jdbc-types=[BLOB, VARBINARY, LONGVARBINARY], sql-types=[BLOB, VARBINARY, LONGVARBINARY] with default (jdbc-type=BLOB, sql-type=BLOB)
16:32:31,023 (main) DEBUG [DataNucleus.Datastore] - RDBMS support configured for "java.lang.Boolean" using jdbc-types=[NUMERIC, SMALLINT, CHAR, BIT, TINYINT], sql-types=[NUMERIC, SMALLINT, CHAR, BIT, TINYINT] with default (jdbc-type=NUMERIC, sql-type=NUMERIC)
16:32:31,023 (main) DEBUG [DataNucleus.Datastore] - RDBMS support configured for "java.lang.Byte" using jdbc-types=[NUMERIC, SMALLINT, TINYINT], sql-types=[NUMERIC, SMALLINT, TINYINT] with default (jdbc-type=NUMERIC, sql-type=NUMERIC)
16:32:31,023 (main) DEBUG [DataNucleus.Datastore] - RDBMS support configured for "java.lang.Character" using jdbc-types=[NUMERIC, CHAR, INTEGER], sql-types=[NUMERIC, CHAR, INTEGER] with default (jdbc-type=CHAR, sql-type=CHAR)
16:32:31,023 (main) DEBUG [DataNucleus.Datastore] - RDBMS support configured for "java.lang.Double" using jdbc-types=[FLOAT, NUMERIC, DECIMAL, DOUBLE], sql-types=[FLOAT, NUMBER, DECIMAL, DOUBLE] with default (jdbc-type=FLOAT, sql-type=FLOAT)
16:32:31,023 (main) DEBUG [DataNucleus.Datastore] - RDBMS support configured for "java.lang.Float" using jdbc-types=[FLOAT, NUMERIC, REAL, DECIMAL, DOUBLE], sql-types=[FLOAT, NUMBER, REAL, DECIMAL, DOUBLE] with default (jdbc-type=FLOAT, sql-type=FLOAT)
16:32:31,023 (main) DEBUG [DataNucleus.Datastore] - RDBMS support configured for "java.lang.Integer" using jdbc-types=[NUMERIC, SMALLINT, BIGINT, TINYINT, INTEGER], sql-types=[NUMERIC, NUMBER, SMALLINT, BIGINT, TINYINT, INTEGER] with default (jdbc-type=NUMERIC, sql-type=NUMERIC)
16:32:31,024 (main) DEBUG [DataNucleus.Datastore] - RDBMS support configured for "java.lang.Long" using jdbc-types=[NUMERIC, SMALLINT, BIGINT, TINYINT, INTEGER], sql-types=[NUMERIC, NUMBER, SMALLINT, BIGINT, INT, TINYINT] with default (jdbc-type=NUMERIC, sql-type=NUMERIC)
16:32:31,024 (main) DEBUG [DataNucleus.Datastore] - RDBMS support configured for "java.lang.Short" using jdbc-types=[NUMERIC, SMALLINT, TINYINT, INTEGER], sql-types=[NUMERIC, NUMBER, SMALLINT, TINYINT, INTEGER] with default (jdbc-type=NUMERIC, sql-type=NUMERIC)
16:32:31,024 (main) DEBUG [DataNucleus.Datastore] - RDBMS support configured for "java.lang.String" using jdbc-types=[XMLTYPE, BLOB, LONGVARCHAR, CLOB, VARCHAR, CHAR, BIGINT, NVARCHAR, NCHAR], sql-types=[NVARCHAR2, XMLTYPE, BLOB, LONGVARCHAR, CLOB, VARCHAR, CHAR, BIGINT, NVARCHAR, NCHAR] with default (jdbc-type=VARCHAR, sql-type=VARCHAR)
16:32:31,024 (main) DEBUG [DataNucleus.Datastore] - RDBMS support configured for "java.math.BigDecimal" using jdbc-types=[NUMERIC, DECIMAL], sql-types=[NUMERIC, NUMBER, DECIMAL] with default (jdbc-type=NUMERIC, sql-type=NUMERIC)
16:32:31,024 (main) DEBUG [DataNucleus.Datastore] - RDBMS support configured for "java.math.BigInteger" using jdbc-types=[NUMERIC], sql-types=[NUMERIC, NUMBER] with default (jdbc-type=NUMERIC, sql-type=NUMERIC)
16:32:31,025 (main) DEBUG [DataNucleus.Datastore] - RDBMS support configured for "java.sql.Date" using jdbc-types=[DATE, TIMESTAMP, VARCHAR, CHAR, BIGINT], sql-types=[DATE, TIMESTAMP, VARCHAR, CHAR, BIGINT] with default (jdbc-type=DATE, sql-type=DATE)
16:32:31,025 (main) DEBUG [DataNucleus.Datastore] - RDBMS support configured for "java.sql.Time" using jdbc-types=[TIMESTAMP, VARCHAR, CHAR, TIME, BIGINT], sql-types=[TIMESTAMP, VARCHAR, CHAR, TIME, BIGINT] with default (jdbc-type=TIME, sql-type=TIME)
16:32:31,025 (main) DEBUG [DataNucleus.Datastore] - RDBMS support configured for "java.sql.Timestamp" using jdbc-types=[DATE, TIMESTAMP, VARCHAR, CHAR, TIME], sql-types=[DATE, TIMESTAMP, VARCHAR, CHAR, TIME] with default (jdbc-type=TIMESTAMP, sql-type=TIMESTAMP)
16:32:31,025 (main) DEBUG [DataNucleus.Datastore] - RDBMS support configured for "java.util.Date" using jdbc-types=[DATE, TIMESTAMP, VARCHAR, CHAR, TIME, BIGINT], sql-types=[DATE, TIMESTAMP, VARCHAR, CHAR, TIME, BIGINT] with default (jdbc-type=TIMESTAMP, sql-type=TIMESTAMP)
16:32:31,025 (main) DEBUG [DataNucleus.Datastore] - RDBMS support configured for "org.datanucleus.identity.DatastoreId" using jdbc-types=[NUMERIC, VARCHAR, CHAR, BIGINT, INTEGER], sql-types=[NUMERIC, VARCHAR, CHAR, BIGINT, INTEGER] with default (jdbc-type=NUMERIC, sql-type=NUMERIC)
16:32:31,098 (main) DEBUG [DataNucleus.Datastore] - ======================= Datastore =========================
16:32:31,098 (main) DEBUG [DataNucleus.Datastore] - StoreManager : "rdbms" (org.datanucleus.store.rdbms.RDBMSStoreManager)
16:32:31,098 (main) DEBUG [DataNucleus.Datastore] - Datastore : read-write
16:32:31,098 (main) DEBUG [DataNucleus.Datastore] - Schema Control : AutoCreate(None), Validate(None)
16:32:31,098 (main) DEBUG [DataNucleus.Datastore] - Schema : NamingFactory=datanucleus2 identifierCase=null
16:32:31,099 (main) DEBUG [DataNucleus.Datastore] - Query Languages : JDOQL, JPQL, STOREDPROC, SQL
16:32:31,099 (main) DEBUG [DataNucleus.Datastore] - Queries : Timeout=0
16:32:31,099 (main) DEBUG [DataNucleus.Datastore] - ===========================================================
16:32:31,099 (main) DEBUG [DataNucleus.Datastore] - Datastore Adapter : org.datanucleus.store.rdbms.adapter.OracleAdapter
16:32:31,099 (main) DEBUG [DataNucleus.Datastore] - Datastore : name="Oracle" version="Oracle Database 12c Enterprise Edition Release 12.1.0.2.0 - 64bit Production
With the Partitioning, OLAP, Advanced Analytics and Real Application Testing options"
16:32:31,099 (main) DEBUG [DataNucleus.Datastore] - Datastore Driver : name="Oracle JDBC driver" version="12.2.0.1.0"
16:32:31,099 (main) DEBUG [DataNucleus.Datastore] - Primary Connection Factory : URL[jdbc:oracle:thin:@fn3.oracle.virtual.uniandes.edu.co:1521:prod]
16:32:31,099 (main) DEBUG [DataNucleus.Datastore] - Secondary Connection Factory : URL[jdbc:oracle:thin:@fn3.oracle.virtual.uniandes.edu.co:1521:prod]
16:32:31,100 (main) DEBUG [DataNucleus.Datastore] - Datastore Identifiers : factory="datanucleus2" case=UPPERCASE schema=ISIS2304A141910
16:32:31,100 (main) DEBUG [DataNucleus.Datastore] - Supported Identifier Cases : "MixedCase" UPPERCASE "MixedCase-Sensitive" 
16:32:31,101 (main) DEBUG [DataNucleus.Datastore] - Supported Identifier Lengths (max) : Table=30 Column=30 Constraint=30 Index=30 Delimiter="
16:32:31,101 (main) DEBUG [DataNucleus.Datastore] - Support for Identifiers in DDL : catalog=false schema=true
16:32:31,101 (main) DEBUG [DataNucleus.Datastore] - Datastore : checkTableViewExistence, rdbmsConstraintCreateMode=DataNucleus, initialiseColumnInfo=ALL
16:32:31,101 (main) DEBUG [DataNucleus.Datastore] - Support Statement Batching : yes (max-batch-size=50)
16:32:31,101 (main) DEBUG [DataNucleus.Datastore] - Queries : Results direction=forward, type=forward-only, concurrency=read-only
16:32:31,101 (main) DEBUG [DataNucleus.Datastore] - Java-Types : string-default-length=255
16:32:31,101 (main) DEBUG [DataNucleus.Datastore] - JDBC-Types : NCLOB, NCHAR, [id=2007], REF, CLOB, BLOB, ARRAY, STRUCT, DATE, TIME, TIMESTAMP, VARCHAR, LONGVARCHAR, VARBINARY, LONGVARBINARY, BIGINT, TINYINT, BIT, NVARCHAR, [id=-101], CHAR, [id=-103], NUMERIC, [id=-102], DECIMAL, INTEGER, SMALLINT, FLOAT, REAL, DOUBLE, [id=-104]
16:32:31,101 (main) DEBUG [DataNucleus.Datastore] - ===========================================================
16:32:31,102 (main) DEBUG [DataNucleus.Connection] - ManagedConnection CLOSED : "org.datanucleus.store.rdbms.ConnectionFactoryImpl$ManagedConnectionImpl@5d7148e2 [conn=org.datanucleus.store.rdbms.datasource.dbcp2.PoolingDataSource$PoolGuardConnectionWrapper@51bf5add, commitOnRelease=true, closeOnRelease=true, closeOnTxnEnd=true]"
16:32:31,103 (main) DEBUG [DataNucleus.Datastore] - StoreManager now created
16:32:31,106 (main) DEBUG [DataNucleus.Persistence] - Started pool of ExecutionContext (maxPool=20, reaperThread=false)
16:32:31,114 (main) DEBUG [DataNucleus.Persistence] - ================= NucleusContext ===============
16:32:31,114 (main) DEBUG [DataNucleus.Persistence] - DataNucleus Context : Version "5.1.10" with JRE "1.8.0_144" on "Mac OS X"
16:32:31,114 (main) DEBUG [DataNucleus.Persistence] - Persistence API : JDO
16:32:31,114 (main) DEBUG [DataNucleus.Persistence] - Persistence-Unit : Parranderos
16:32:31,114 (main) DEBUG [DataNucleus.Persistence] - Plugin Registry : org.datanucleus.plugin.NonManagedPluginRegistry
16:32:31,114 (main) DEBUG [DataNucleus.Persistence] - ClassLoading : default
16:32:31,114 (main) DEBUG [DataNucleus.Persistence] - Persistence : pm-singlethreaded, nontransactional-read, nontransactional-write, reachability-at-commit, copy-on-attach, managed-relations(checked), deletion-policy=JDO2, serverTimeZone=America/Bogota
16:32:31,114 (main) DEBUG [DataNucleus.Persistence] - Transactions : type=RESOURCE_LOCAL, mode=datastore, isolation=read-committed
16:32:31,115 (main) DEBUG [DataNucleus.Persistence] - ValueGeneration : txn-isolation=read-committed connection=New
16:32:31,115 (main) DEBUG [DataNucleus.Persistence] - Cache : Level1 (soft), Level2 (soft, mode=UNSPECIFIED), QueryResults (soft), Collections/Maps 
16:32:31,115 (main) DEBUG [DataNucleus.Persistence] - ================================================
16:32:35,555 (AWT-EventQueue-0) DEBUG [DataNucleus.Persistence] - ExecutionContext OPENED "org.datanucleus.ExecutionContextImpl@1dcd6fe0" for datastore "org.datanucleus.store.rdbms.RDBMSStoreManager@7d9c4f0a" with txn="org.datanucleus.TransactionImpl@6bb232"
16:32:35,568 (AWT-EventQueue-0) DEBUG [DataNucleus.Query] - SQL Query : "SELECT * FROM MANTENIMIENTOS"
16:32:35,586 (AWT-EventQueue-0) DEBUG [DataNucleus.Connection] - ManagedConnection OPENED : "org.datanucleus.store.rdbms.ConnectionFactoryImpl$ManagedConnectionImpl@7a23acb [conn=org.datanucleus.store.rdbms.datasource.dbcp2.PoolingDataSource$PoolGuardConnectionWrapper@2caca5eb, commitOnRelease=true, closeOnRelease=true, closeOnTxnEnd=true]" on resource "nontx" with isolation level "read-committed" and auto-commit=false
16:32:35,623 (AWT-EventQueue-0) DEBUG [DataNucleus.Datastore] - Using PreparedStatement "oracle.jdbc.driver.OraclePreparedStatementWrapper@1b2d9cb3" for connection "org.datanucleus.store.rdbms.datasource.dbcp2.PoolingDataSource$PoolGuardConnectionWrapper@2caca5eb"
16:32:35,626 (AWT-EventQueue-0) DEBUG [DataNucleus.Datastore.Native] - SELECT * FROM MANTENIMIENTOS
16:32:35,658 (AWT-EventQueue-0) DEBUG [DataNucleus.Datastore.Retrieve] - SQL Execution Time = 32 ms
16:32:35,668 (AWT-EventQueue-0) DEBUG [DataNucleus.Connection] - ManagedConnection COMMITTING : "org.datanucleus.store.rdbms.ConnectionFactoryImpl$ManagedConnectionImpl@7a23acb [conn=org.datanucleus.store.rdbms.datasource.dbcp2.PoolingDataSource$PoolGuardConnectionWrapper@2caca5eb, commitOnRelease=true, closeOnRelease=true, closeOnTxnEnd=true]"
16:32:35,700 (AWT-EventQueue-0) DEBUG [DataNucleus.Query] - Reading in results for query "org.datanucleus.store.rdbms.query.SQLQuery@c1464946" since the connection used is closing/committing
16:32:35,703 (AWT-EventQueue-0) DEBUG [DataNucleus.Query] - Result Class "negocio.Mantenimiento" doesnt have a public constructor with args of types [class java.math.BigDecimal, class java.math.BigDecimal, class java.math.BigDecimal, class java.lang.String]
16:32:35,703 (AWT-EventQueue-0) DEBUG [DataNucleus.Query] - Result Class "negocio.Mantenimiento" doesnt have a public field "id"
16:32:35,705 (AWT-EventQueue-0) DEBUG [DataNucleus.Query] - ResultObject set field=ID using setId() method after converting value
16:32:35,705 (AWT-EventQueue-0) DEBUG [DataNucleus.Query] - Result Class "negocio.Mantenimiento" doesnt have a public field "fechaInicio"
16:32:35,705 (AWT-EventQueue-0) DEBUG [DataNucleus.Query] - ResultObject set field=FECHAINICIO using setFechaInicio() method after converting value
16:32:35,705 (AWT-EventQueue-0) DEBUG [DataNucleus.Query] - Result Class "negocio.Mantenimiento" doesnt have a public field "fechaFin"
16:32:35,706 (AWT-EventQueue-0) DEBUG [DataNucleus.Query] - ResultObject set field=FECHAFIN using setFechaFin() method after converting value
16:32:35,706 (AWT-EventQueue-0) DEBUG [DataNucleus.Query] - Result Class "negocio.Mantenimiento" doesnt have a public field "descripcion"
16:32:35,706 (AWT-EventQueue-0) DEBUG [DataNucleus.Query] - ResultObject set field=DESCRIPCION using public setDescripcion() method
16:32:35,708 (AWT-EventQueue-0) DEBUG [DataNucleus.Query] - Result Class "negocio.Mantenimiento" doesnt have a public constructor with args of types [class java.math.BigDecimal, class java.math.BigDecimal, class java.math.BigDecimal, class java.lang.String]
16:32:35,708 (AWT-EventQueue-0) DEBUG [DataNucleus.Query] - Result Class "negocio.Mantenimiento" doesnt have a public field "id"
16:32:35,708 (AWT-EventQueue-0) DEBUG [DataNucleus.Query] - ResultObject set field=ID using setId() method after converting value
16:32:35,708 (AWT-EventQueue-0) DEBUG [DataNucleus.Query] - Result Class "negocio.Mantenimiento" doesnt have a public field "fechaInicio"
16:32:35,709 (AWT-EventQueue-0) DEBUG [DataNucleus.Query] - ResultObject set field=FECHAINICIO using setFechaInicio() method after converting value
16:32:35,709 (AWT-EventQueue-0) DEBUG [DataNucleus.Query] - Result Class "negocio.Mantenimiento" doesnt have a public field "fechaFin"
16:32:35,709 (AWT-EventQueue-0) DEBUG [DataNucleus.Query] - ResultObject set field=FECHAFIN using setFechaFin() method after converting value
16:32:35,709 (AWT-EventQueue-0) DEBUG [DataNucleus.Query] - Result Class "negocio.Mantenimiento" doesnt have a public field "descripcion"
16:32:35,709 (AWT-EventQueue-0) DEBUG [DataNucleus.Query] - ResultObject set field=DESCRIPCION using public setDescripcion() method
16:32:35,709 (AWT-EventQueue-0) DEBUG [DataNucleus.Query] - Result Class "negocio.Mantenimiento" doesnt have a public constructor with args of types [class java.math.BigDecimal, class java.math.BigDecimal, class java.math.BigDecimal, class java.lang.String]
16:32:35,709 (AWT-EventQueue-0) DEBUG [DataNucleus.Query] - Result Class "negocio.Mantenimiento" doesnt have a public field "id"
16:32:35,709 (AWT-EventQueue-0) DEBUG [DataNucleus.Query] - ResultObject set field=ID using setId() method after converting value
16:32:35,709 (AWT-EventQueue-0) DEBUG [DataNucleus.Query] - Result Class "negocio.Mantenimiento" doesnt have a public field "fechaInicio"
16:32:35,709 (AWT-EventQueue-0) DEBUG [DataNucleus.Query] - ResultObject set field=FECHAINICIO using setFechaInicio() method after converting value
16:32:35,709 (AWT-EventQueue-0) DEBUG [DataNucleus.Query] - Result Class "negocio.Mantenimiento" doesnt have a public field "fechaFin"
16:32:35,710 (AWT-EventQueue-0) DEBUG [DataNucleus.Query] - ResultObject set field=FECHAFIN using setFechaFin() method after converting value
16:32:35,710 (AWT-EventQueue-0) DEBUG [DataNucleus.Query] - Result Class "negocio.Mantenimiento" doesnt have a public field "descripcion"
16:32:35,710 (AWT-EventQueue-0) DEBUG [DataNucleus.Query] - ResultObject set field=DESCRIPCION using public setDescripcion() method
16:32:35,710 (AWT-EventQueue-0) DEBUG [DataNucleus.Query] - Result Class "negocio.Mantenimiento" doesnt have a public constructor with args of types [class java.math.BigDecimal, class java.math.BigDecimal, class java.math.BigDecimal, class java.lang.String]
16:32:35,710 (AWT-EventQueue-0) DEBUG [DataNucleus.Query] - Result Class "negocio.Mantenimiento" doesnt have a public field "id"
16:32:35,710 (AWT-EventQueue-0) DEBUG [DataNucleus.Query] - ResultObject set field=ID using setId() method after converting value
16:32:35,710 (AWT-EventQueue-0) DEBUG [DataNucleus.Query] - Result Class "negocio.Mantenimiento" doesnt have a public field "fechaInicio"
16:32:35,710 (AWT-EventQueue-0) DEBUG [DataNucleus.Query] - ResultObject set field=FECHAINICIO using setFechaInicio() method after converting value
16:32:35,710 (AWT-EventQueue-0) DEBUG [DataNucleus.Query] - Result Class "negocio.Mantenimiento" doesnt have a public field "fechaFin"
16:32:35,711 (AWT-EventQueue-0) DEBUG [DataNucleus.Query] - ResultObject set field=FECHAFIN using setFechaFin() method after converting value
16:32:35,711 (AWT-EventQueue-0) DEBUG [DataNucleus.Query] - Result Class "negocio.Mantenimiento" doesnt have a public field "descripcion"
16:32:35,711 (AWT-EventQueue-0) DEBUG [DataNucleus.Query] - ResultObject set field=DESCRIPCION using public setDescripcion() method
16:32:35,711 (AWT-EventQueue-0) DEBUG [DataNucleus.Query] - Result Class "negocio.Mantenimiento" doesnt have a public constructor with args of types [class java.math.BigDecimal, class java.math.BigDecimal, class java.math.BigDecimal, class java.lang.String]
16:32:35,711 (AWT-EventQueue-0) DEBUG [DataNucleus.Query] - Result Class "negocio.Mantenimiento" doesnt have a public field "id"
16:32:35,711 (AWT-EventQueue-0) DEBUG [DataNucleus.Query] - ResultObject set field=ID using setId() method after converting value
16:32:35,711 (AWT-EventQueue-0) DEBUG [DataNucleus.Query] - Result Class "negocio.Mantenimiento" doesnt have a public field "fechaInicio"
16:32:35,711 (AWT-EventQueue-0) DEBUG [DataNucleus.Query] - ResultObject set field=FECHAINICIO using setFechaInicio() method after converting value
16:32:35,711 (AWT-EventQueue-0) DEBUG [DataNucleus.Query] - Result Class "negocio.Mantenimiento" doesnt have a public field "fechaFin"
16:32:35,711 (AWT-EventQueue-0) DEBUG [DataNucleus.Query] - ResultObject set field=FECHAFIN using setFechaFin() method after converting value
16:32:35,711 (AWT-EventQueue-0) DEBUG [DataNucleus.Query] - Result Class "negocio.Mantenimiento" doesnt have a public field "descripcion"
16:32:35,711 (AWT-EventQueue-0) DEBUG [DataNucleus.Query] - ResultObject set field=DESCRIPCION using public setDescripcion() method
16:32:35,712 (AWT-EventQueue-0) DEBUG [DataNucleus.Query] - Result Class "negocio.Mantenimiento" doesnt have a public constructor with args of types [class java.math.BigDecimal, class java.math.BigDecimal, class java.math.BigDecimal, class java.lang.String]
16:32:35,712 (AWT-EventQueue-0) DEBUG [DataNucleus.Query] - Result Class "negocio.Mantenimiento" doesnt have a public field "id"
16:32:35,712 (AWT-EventQueue-0) DEBUG [DataNucleus.Query] - ResultObject set field=ID using setId() method after converting value
16:32:35,712 (AWT-EventQueue-0) DEBUG [DataNucleus.Query] - Result Class "negocio.Mantenimiento" doesnt have a public field "fechaInicio"
16:32:35,712 (AWT-EventQueue-0) DEBUG [DataNucleus.Query] - ResultObject set field=FECHAINICIO using setFechaInicio() method after converting value
16:32:35,712 (AWT-EventQueue-0) DEBUG [DataNucleus.Query] - Result Class "negocio.Mantenimiento" doesnt have a public field "fechaFin"
16:32:35,712 (AWT-EventQueue-0) DEBUG [DataNucleus.Query] - ResultObject set field=FECHAFIN using setFechaFin() method after converting value
16:32:35,712 (AWT-EventQueue-0) DEBUG [DataNucleus.Query] - Result Class "negocio.Mantenimiento" doesnt have a public field "descripcion"
16:32:35,712 (AWT-EventQueue-0) DEBUG [DataNucleus.Query] - ResultObject set field=DESCRIPCION using public setDescripcion() method
16:32:35,713 (AWT-EventQueue-0) DEBUG [DataNucleus.Query] - Result Class "negocio.Mantenimiento" doesnt have a public constructor with args of types [class java.math.BigDecimal, class java.math.BigDecimal, class java.math.BigDecimal, class java.lang.String]
16:32:35,713 (AWT-EventQueue-0) DEBUG [DataNucleus.Query] - Result Class "negocio.Mantenimiento" doesnt have a public field "id"
16:32:35,713 (AWT-EventQueue-0) DEBUG [DataNucleus.Query] - ResultObject set field=ID using setId() method after converting value
16:32:35,713 (AWT-EventQueue-0) DEBUG [DataNucleus.Query] - Result Class "negocio.Mantenimiento" doesnt have a public field "fechaInicio"
16:32:35,713 (AWT-EventQueue-0) DEBUG [DataNucleus.Query] - ResultObject set field=FECHAINICIO using setFechaInicio() method after converting value
16:32:35,713 (AWT-EventQueue-0) DEBUG [DataNucleus.Query] - Result Class "negocio.Mantenimiento" doesnt have a public field "fechaFin"
16:32:35,713 (AWT-EventQueue-0) DEBUG [DataNucleus.Query] - ResultObject set field=FECHAFIN using setFechaFin() method after converting value
16:32:35,713 (AWT-EventQueue-0) DEBUG [DataNucleus.Query] - Result Class "negocio.Mantenimiento" doesnt have a public field "descripcion"
16:32:35,713 (AWT-EventQueue-0) DEBUG [DataNucleus.Query] - ResultObject set field=DESCRIPCION using public setDescripcion() method
16:32:35,714 (AWT-EventQueue-0) DEBUG [DataNucleus.Query] - Result Class "negocio.Mantenimiento" doesnt have a public constructor with args of types [class java.math.BigDecimal, class java.math.BigDecimal, class java.math.BigDecimal, class java.lang.String]
16:32:35,714 (AWT-EventQueue-0) DEBUG [DataNucleus.Query] - Result Class "negocio.Mantenimiento" doesnt have a public field "id"
16:32:35,714 (AWT-EventQueue-0) DEBUG [DataNucleus.Query] - ResultObject set field=ID using setId() method after converting value
16:32:35,714 (AWT-EventQueue-0) DEBUG [DataNucleus.Query] - Result Class "negocio.Mantenimiento" doesnt have a public field "fechaInicio"
16:32:35,714 (AWT-EventQueue-0) DEBUG [DataNucleus.Query] - ResultObject set field=FECHAINICIO using setFechaInicio() method after converting value
16:32:35,714 (AWT-EventQueue-0) DEBUG [DataNucleus.Query] - Result Class "negocio.Mantenimiento" doesnt have a public field "fechaFin"
16:32:35,714 (AWT-EventQueue-0) DEBUG [DataNucleus.Query] - ResultObject set field=FECHAFIN using setFechaFin() method after converting value
16:32:35,714 (AWT-EventQueue-0) DEBUG [DataNucleus.Query] - Result Class "negocio.Mantenimiento" doesnt have a public field "descripcion"
16:32:35,714 (AWT-EventQueue-0) DEBUG [DataNucleus.Query] - ResultObject set field=DESCRIPCION using public setDescripcion() method
16:32:35,715 (AWT-EventQueue-0) DEBUG [DataNucleus.Connection] - ManagedConnection CLOSED : "org.datanucleus.store.rdbms.ConnectionFactoryImpl$ManagedConnectionImpl@7a23acb [conn=org.datanucleus.store.rdbms.datasource.dbcp2.PoolingDataSource$PoolGuardConnectionWrapper@2caca5eb, commitOnRelease=true, closeOnRelease=true, closeOnTxnEnd=true]"
16:32:49,448 (AWT-EventQueue-0) DEBUG [DataNucleus.Persistence] - ExecutionContext OPENED "org.datanucleus.ExecutionContextImpl@12e4b41" for datastore "org.datanucleus.store.rdbms.RDBMSStoreManager@7d9c4f0a" with txn="org.datanucleus.TransactionImpl@788c9b67"
16:32:49,451 (AWT-EventQueue-0) DEBUG [DataNucleus.Query] - SQL Query : "SELECT * FROM HABITACION"
16:32:49,452 (AWT-EventQueue-0) DEBUG [DataNucleus.Connection] - ManagedConnection OPENED : "org.datanucleus.store.rdbms.ConnectionFactoryImpl$ManagedConnectionImpl@278f9a3b [conn=org.datanucleus.store.rdbms.datasource.dbcp2.PoolingDataSource$PoolGuardConnectionWrapper@5488b9c8, commitOnRelease=true, closeOnRelease=true, closeOnTxnEnd=true]" on resource "nontx" with isolation level "read-committed" and auto-commit=false
16:32:49,452 (AWT-EventQueue-0) DEBUG [DataNucleus.Datastore] - Using PreparedStatement "oracle.jdbc.driver.OraclePreparedStatementWrapper@48c3579d" for connection "org.datanucleus.store.rdbms.datasource.dbcp2.PoolingDataSource$PoolGuardConnectionWrapper@5488b9c8"
16:32:49,452 (AWT-EventQueue-0) DEBUG [DataNucleus.Datastore.Native] - SELECT * FROM HABITACION
16:32:49,490 (AWT-EventQueue-0) DEBUG [DataNucleus.Datastore.Retrieve] - SQL Execution Time = 38 ms
16:32:49,491 (AWT-EventQueue-0) DEBUG [DataNucleus.Connection] - ManagedConnection COMMITTING : "org.datanucleus.store.rdbms.ConnectionFactoryImpl$ManagedConnectionImpl@278f9a3b [conn=org.datanucleus.store.rdbms.datasource.dbcp2.PoolingDataSource$PoolGuardConnectionWrapper@5488b9c8, commitOnRelease=true, closeOnRelease=true, closeOnTxnEnd=true]"
16:32:49,525 (AWT-EventQueue-0) DEBUG [DataNucleus.Query] - Reading in results for query "org.datanucleus.store.rdbms.query.SQLQuery@7c1c7a34" since the connection used is closing/committing
16:32:49,526 (AWT-EventQueue-0) DEBUG [DataNucleus.Query] - Result Class "negocio.Habitacion" doesnt have a public constructor with args of types [class java.math.BigDecimal, class java.math.BigDecimal, class java.math.BigDecimal, class java.lang.String, class java.lang.String]
16:32:49,526 (AWT-EventQueue-0) DEBUG [DataNucleus.Query] - Result Class "negocio.Habitacion" doesnt have a public field "capacidad"
16:32:49,527 (AWT-EventQueue-0) DEBUG [DataNucleus.Query] - ResultObject set field=CAPACIDAD using setCapacidad() method after converting value
16:32:49,527 (AWT-EventQueue-0) DEBUG [DataNucleus.Query] - Result Class "negocio.Habitacion" doesnt have a public field "numeroHabitacion"
16:32:49,527 (AWT-EventQueue-0) DEBUG [DataNucleus.Query] - ResultObject set field=NUMEROHABITACION using setNumeroHabitacion() method after converting value
16:32:49,527 (AWT-EventQueue-0) DEBUG [DataNucleus.Query] - Result Class "negocio.Habitacion" doesnt have a public field "costo"
16:32:49,528 (AWT-EventQueue-0) DEBUG [DataNucleus.Query] - ResultObject set field=COSTO using setCosto() method after converting value
16:32:49,528 (AWT-EventQueue-0) DEBUG [DataNucleus.Query] - Result Class "negocio.Habitacion" doesnt have a public field "descripcion"
16:32:49,528 (AWT-EventQueue-0) DEBUG [DataNucleus.Query] - ResultObject set field=DESCRIPCION using public setDescripcion() method
16:32:49,528 (AWT-EventQueue-0) DEBUG [DataNucleus.Query] - Result Class "negocio.Habitacion" doesnt have a public field "disponible"
16:32:49,528 (AWT-EventQueue-0) DEBUG [DataNucleus.Query] - ResultObject set field=DISPONIBLE using public setDisponible() method
16:32:49,528 (AWT-EventQueue-0) DEBUG [DataNucleus.Query] - Result Class "negocio.Habitacion" doesnt have a public constructor with args of types [class java.math.BigDecimal, class java.math.BigDecimal, class java.math.BigDecimal, class java.lang.String, class java.lang.String]
16:32:49,528 (AWT-EventQueue-0) DEBUG [DataNucleus.Query] - Result Class "negocio.Habitacion" doesnt have a public field "capacidad"
16:32:49,528 (AWT-EventQueue-0) DEBUG [DataNucleus.Query] - ResultObject set field=CAPACIDAD using setCapacidad() method after converting value
16:32:49,529 (AWT-EventQueue-0) DEBUG [DataNucleus.Query] - Result Class "negocio.Habitacion" doesnt have a public field "numeroHabitacion"
16:32:49,529 (AWT-EventQueue-0) DEBUG [DataNucleus.Query] - ResultObject set field=NUMEROHABITACION using setNumeroHabitacion() method after converting value
16:32:49,529 (AWT-EventQueue-0) DEBUG [DataNucleus.Query] - Result Class "negocio.Habitacion" doesnt have a public field "costo"
16:32:49,529 (AWT-EventQueue-0) DEBUG [DataNucleus.Query] - ResultObject set field=COSTO using setCosto() method after converting value
16:32:49,529 (AWT-EventQueue-0) DEBUG [DataNucleus.Query] - Result Class "negocio.Habitacion" doesnt have a public field "descripcion"
16:32:49,529 (AWT-EventQueue-0) DEBUG [DataNucleus.Query] - ResultObject set field=DESCRIPCION using public setDescripcion() method
16:32:49,529 (AWT-EventQueue-0) DEBUG [DataNucleus.Query] - Result Class "negocio.Habitacion" doesnt have a public field "disponible"
16:32:49,529 (AWT-EventQueue-0) DEBUG [DataNucleus.Query] - ResultObject set field=DISPONIBLE using public setDisponible() method
16:32:49,530 (AWT-EventQueue-0) DEBUG [DataNucleus.Query] - Result Class "negocio.Habitacion" doesnt have a public constructor with args of types [class java.math.BigDecimal, class java.math.BigDecimal, class java.math.BigDecimal, class java.lang.String, class java.lang.String]
16:32:49,530 (AWT-EventQueue-0) DEBUG [DataNucleus.Query] - Result Class "negocio.Habitacion" doesnt have a public field "capacidad"
16:32:49,530 (AWT-EventQueue-0) DEBUG [DataNucleus.Query] - ResultObject set field=CAPACIDAD using setCapacidad() method after converting value
16:32:49,530 (AWT-EventQueue-0) DEBUG [DataNucleus.Query] - Result Class "negocio.Habitacion" doesnt have a public field "numeroHabitacion"
16:32:49,530 (AWT-EventQueue-0) DEBUG [DataNucleus.Query] - ResultObject set field=NUMEROHABITACION using setNumeroHabitacion() method after converting value
16:32:49,530 (AWT-EventQueue-0) DEBUG [DataNucleus.Query] - Result Class "negocio.Habitacion" doesnt have a public field "costo"
16:32:49,530 (AWT-EventQueue-0) DEBUG [DataNucleus.Query] - ResultObject set field=COSTO using setCosto() method after converting value
16:32:49,531 (AWT-EventQueue-0) DEBUG [DataNucleus.Query] - Result Class "negocio.Habitacion" doesnt have a public field "descripcion"
16:32:49,531 (AWT-EventQueue-0) DEBUG [DataNucleus.Query] - ResultObject set field=DESCRIPCION using public setDescripcion() method
16:32:49,531 (AWT-EventQueue-0) DEBUG [DataNucleus.Query] - Result Class "negocio.Habitacion" doesnt have a public field "disponible"
16:32:49,531 (AWT-EventQueue-0) DEBUG [DataNucleus.Query] - ResultObject set field=DISPONIBLE using public setDisponible() method
16:32:49,531 (AWT-EventQueue-0) DEBUG [DataNucleus.Query] - Result Class "negocio.Habitacion" doesnt have a public constructor with args of types [class java.math.BigDecimal, class java.math.BigDecimal, class java.math.BigDecimal, class java.lang.String, class java.lang.String]
16:32:49,531 (AWT-EventQueue-0) DEBUG [DataNucleus.Query] - Result Class "negocio.Habitacion" doesnt have a public field "capacidad"
16:32:49,531 (AWT-EventQueue-0) DEBUG [DataNucleus.Query] - ResultObject set field=CAPACIDAD using setCapacidad() method after converting value
16:32:49,531 (AWT-EventQueue-0) DEBUG [DataNucleus.Query] - Result Class "negocio.Habitacion" doesnt have a public field "numeroHabitacion"
16:32:49,532 (AWT-EventQueue-0) DEBUG [DataNucleus.Query] - ResultObject set field=NUMEROHABITACION using setNumeroHabitacion() method after converting value
16:32:49,532 (AWT-EventQueue-0) DEBUG [DataNucleus.Query] - Result Class "negocio.Habitacion" doesnt have a public field "costo"
16:32:49,532 (AWT-EventQueue-0) DEBUG [DataNucleus.Query] - ResultObject set field=COSTO using setCosto() method after converting value
16:32:49,532 (AWT-EventQueue-0) DEBUG [DataNucleus.Query] - Result Class "negocio.Habitacion" doesnt have a public field "descripcion"
16:32:49,532 (AWT-EventQueue-0) DEBUG [DataNucleus.Query] - ResultObject set field=DESCRIPCION using public setDescripcion() method
16:32:49,532 (AWT-EventQueue-0) DEBUG [DataNucleus.Query] - Result Class "negocio.Habitacion" doesnt have a public field "disponible"
16:32:49,532 (AWT-EventQueue-0) DEBUG [DataNucleus.Query] - ResultObject set field=DISPONIBLE using public setDisponible() method
16:32:49,533 (AWT-EventQueue-0) DEBUG [DataNucleus.Query] - Result Class "negocio.Habitacion" doesnt have a public constructor with args of types [class java.math.BigDecimal, class java.math.BigDecimal, class java.math.BigDecimal, class java.lang.String, class java.lang.String]
16:32:49,533 (AWT-EventQueue-0) DEBUG [DataNucleus.Query] - Result Class "negocio.Habitacion" doesnt have a public field "capacidad"
16:32:49,533 (AWT-EventQueue-0) DEBUG [DataNucleus.Query] - ResultObject set field=CAPACIDAD using setCapacidad() method after converting value
16:32:49,533 (AWT-EventQueue-0) DEBUG [DataNucleus.Query] - Result Class "negocio.Habitacion" doesnt have a public field "numeroHabitacion"
16:32:49,533 (AWT-EventQueue-0) DEBUG [DataNucleus.Query] - ResultObject set field=NUMEROHABITACION using setNumeroHabitacion() method after converting value
16:32:49,533 (AWT-EventQueue-0) DEBUG [DataNucleus.Query] - Result Class "negocio.Habitacion" doesnt have a public field "costo"
16:32:49,533 (AWT-EventQueue-0) DEBUG [DataNucleus.Query] - ResultObject set field=COSTO using setCosto() method after converting value
16:32:49,533 (AWT-EventQueue-0) DEBUG [DataNucleus.Query] - Result Class "negocio.Habitacion" doesnt have a public field "descripcion"
16:32:49,533 (AWT-EventQueue-0) DEBUG [DataNucleus.Query] - ResultObject set field=DESCRIPCION using public setDescripcion() method
16:32:49,533 (AWT-EventQueue-0) DEBUG [DataNucleus.Query] - Result Class "negocio.Habitacion" doesnt have a public field "disponible"
16:32:49,533 (AWT-EventQueue-0) DEBUG [DataNucleus.Query] - ResultObject set field=DISPONIBLE using public setDisponible() method
16:32:49,533 (AWT-EventQueue-0) DEBUG [DataNucleus.Query] - Result Class "negocio.Habitacion" doesnt have a public constructor with args of types [class java.math.BigDecimal, class java.math.BigDecimal, class java.math.BigDecimal, class java.lang.String, class java.lang.String]
16:32:49,534 (AWT-EventQueue-0) DEBUG [DataNucleus.Query] - Result Class "negocio.Habitacion" doesnt have a public field "capacidad"
16:32:49,534 (AWT-EventQueue-0) DEBUG [DataNucleus.Query] - ResultObject set field=CAPACIDAD using setCapacidad() method after converting value
16:32:49,534 (AWT-EventQueue-0) DEBUG [DataNucleus.Query] - Result Class "negocio.Habitacion" doesnt have a public field "numeroHabitacion"
16:32:49,534 (AWT-EventQueue-0) DEBUG [DataNucleus.Query] - ResultObject set field=NUMEROHABITACION using setNumeroHabitacion() method after converting value
16:32:49,534 (AWT-EventQueue-0) DEBUG [DataNucleus.Query] - Result Class "negocio.Habitacion" doesnt have a public field "costo"
16:32:49,534 (AWT-EventQueue-0) DEBUG [DataNucleus.Query] - ResultObject set field=COSTO using setCosto() method after converting value
16:32:49,534 (AWT-EventQueue-0) DEBUG [DataNucleus.Query] - Result Class "negocio.Habitacion" doesnt have a public field "descripcion"
16:32:49,534 (AWT-EventQueue-0) DEBUG [DataNucleus.Query] - ResultObject set field=DESCRIPCION using public setDescripcion() method
16:32:49,534 (AWT-EventQueue-0) DEBUG [DataNucleus.Query] - Result Class "negocio.Habitacion" doesnt have a public field "disponible"
16:32:49,534 (AWT-EventQueue-0) DEBUG [DataNucleus.Query] - ResultObject set field=DISPONIBLE using public setDisponible() method
16:32:49,534 (AWT-EventQueue-0) DEBUG [DataNucleus.Query] - Result Class "negocio.Habitacion" doesnt have a public constructor with args of types [class java.math.BigDecimal, class java.math.BigDecimal, class java.math.BigDecimal, class java.lang.String, class java.lang.String]
16:32:49,534 (AWT-EventQueue-0) DEBUG [DataNucleus.Query] - Result Class "negocio.Habitacion" doesnt have a public field "capacidad"
16:32:49,535 (AWT-EventQueue-0) DEBUG [DataNucleus.Query] - ResultObject set field=CAPACIDAD using setCapacidad() method after converting value
16:32:49,535 (AWT-EventQueue-0) DEBUG [DataNucleus.Query] - Result Class "negocio.Habitacion" doesnt have a public field "numeroHabitacion"
16:32:49,535 (AWT-EventQueue-0) DEBUG [DataNucleus.Query] - ResultObject set field=NUMEROHABITACION using setNumeroHabitacion() method after converting value
16:32:49,535 (AWT-EventQueue-0) DEBUG [DataNucleus.Query] - Result Class "negocio.Habitacion" doesnt have a public field "costo"
16:32:49,535 (AWT-EventQueue-0) DEBUG [DataNucleus.Query] - ResultObject set field=COSTO using setCosto() method after converting value
16:32:49,535 (AWT-EventQueue-0) DEBUG [DataNucleus.Query] - Result Class "negocio.Habitacion" doesnt have a public field "descripcion"
16:32:49,535 (AWT-EventQueue-0) DEBUG [DataNucleus.Query] - ResultObject set field=DESCRIPCION using public setDescripcion() method
16:32:49,535 (AWT-EventQueue-0) DEBUG [DataNucleus.Query] - Result Class "negocio.Habitacion" doesnt have a public field "disponible"
16:32:49,535 (AWT-EventQueue-0) DEBUG [DataNucleus.Query] - ResultObject set field=DISPONIBLE using public setDisponible() method
16:32:49,535 (AWT-EventQueue-0) DEBUG [DataNucleus.Query] - Result Class "negocio.Habitacion" doesnt have a public constructor with args of types [class java.math.BigDecimal, class java.math.BigDecimal, class java.math.BigDecimal, class java.lang.String, class java.lang.String]
16:32:49,535 (AWT-EventQueue-0) DEBUG [DataNucleus.Query] - Result Class "negocio.Habitacion" doesnt have a public field "capacidad"
16:32:49,535 (AWT-EventQueue-0) DEBUG [DataNucleus.Query] - ResultObject set field=CAPACIDAD using setCapacidad() method after converting value
16:32:49,536 (AWT-EventQueue-0) DEBUG [DataNucleus.Query] - Result Class "negocio.Habitacion" doesnt have a public field "numeroHabitacion"
16:32:49,536 (AWT-EventQueue-0) DEBUG [DataNucleus.Query] - ResultObject set field=NUMEROHABITACION using setNumeroHabitacion() method after converting value
16:32:49,536 (AWT-EventQueue-0) DEBUG [DataNucleus.Query] - Result Class "negocio.Habitacion" doesnt have a public field "costo"
16:32:49,536 (AWT-EventQueue-0) DEBUG [DataNucleus.Query] - ResultObject set field=COSTO using setCosto() method after converting value
16:32:49,536 (AWT-EventQueue-0) DEBUG [DataNucleus.Query] - Result Class "negocio.Habitacion" doesnt have a public field "descripcion"
16:32:49,536 (AWT-EventQueue-0) DEBUG [DataNucleus.Query] - ResultObject set field=DESCRIPCION using public setDescripcion() method
16:32:49,536 (AWT-EventQueue-0) DEBUG [DataNucleus.Query] - Result Class "negocio.Habitacion" doesnt have a public field "disponible"
16:32:49,536 (AWT-EventQueue-0) DEBUG [DataNucleus.Query] - ResultObject set field=DISPONIBLE using public setDisponible() method
16:32:49,536 (AWT-EventQueue-0) DEBUG [DataNucleus.Query] - Result Class "negocio.Habitacion" doesnt have a public constructor with args of types [class java.math.BigDecimal, class java.math.BigDecimal, class java.math.BigDecimal, class java.lang.String, class java.lang.String]
16:32:49,536 (AWT-EventQueue-0) DEBUG [DataNucleus.Query] - Result Class "negocio.Habitacion" doesnt have a public field "capacidad"
16:32:49,536 (AWT-EventQueue-0) DEBUG [DataNucleus.Query] - ResultObject set field=CAPACIDAD using setCapacidad() method after converting value
16:32:49,536 (AWT-EventQueue-0) DEBUG [DataNucleus.Query] - Result Class "negocio.Habitacion" doesnt have a public field "numeroHabitacion"
16:32:49,536 (AWT-EventQueue-0) DEBUG [DataNucleus.Query] - ResultObject set field=NUMEROHABITACION using setNumeroHabitacion() method after converting value
16:32:49,536 (AWT-EventQueue-0) DEBUG [DataNucleus.Query] - Result Class "negocio.Habitacion" doesnt have a public field "costo"
16:32:49,536 (AWT-EventQueue-0) DEBUG [DataNucleus.Query] - ResultObject set field=COSTO using setCosto() method after converting value
16:32:49,537 (AWT-EventQueue-0) DEBUG [DataNucleus.Query] - Result Class "negocio.Habitacion" doesnt have a public field "descripcion"
16:32:49,537 (AWT-EventQueue-0) DEBUG [DataNucleus.Query] - ResultObject set field=DESCRIPCION using public setDescripcion() method
16:32:49,537 (AWT-EventQueue-0) DEBUG [DataNucleus.Query] - Result Class "negocio.Habitacion" doesnt have a public field "disponible"
16:32:49,537 (AWT-EventQueue-0) DEBUG [DataNucleus.Query] - ResultObject set field=DISPONIBLE using public setDisponible() method
16:32:49,537 (AWT-EventQueue-0) DEBUG [DataNucleus.Query] - Result Class "negocio.Habitacion" doesnt have a public constructor with args of types [class java.math.BigDecimal, class java.math.BigDecimal, class java.math.BigDecimal, class java.lang.String, class java.lang.String]
16:32:49,537 (AWT-EventQueue-0) DEBUG [DataNucleus.Query] - Result Class "negocio.Habitacion" doesnt have a public field "capacidad"
16:32:49,537 (AWT-EventQueue-0) DEBUG [DataNucleus.Query] - ResultObject set field=CAPACIDAD using setCapacidad() method after converting value
16:32:49,537 (AWT-EventQueue-0) DEBUG [DataNucleus.Query] - Result Class "negocio.Habitacion" doesnt have a public field "numeroHabitacion"
16:32:49,537 (AWT-EventQueue-0) DEBUG [DataNucleus.Query] - ResultObject set field=NUMEROHABITACION using setNumeroHabitacion() method after converting value
16:32:49,537 (AWT-EventQueue-0) DEBUG [DataNucleus.Query] - Result Class "negocio.Habitacion" doesnt have a public field "costo"
16:32:49,537 (AWT-EventQueue-0) DEBUG [DataNucleus.Query] - ResultObject set field=COSTO using setCosto() method after converting value
16:32:49,537 (AWT-EventQueue-0) DEBUG [DataNucleus.Query] - Result Class "negocio.Habitacion" doesnt have a public field "descripcion"
16:32:49,537 (AWT-EventQueue-0) DEBUG [DataNucleus.Query] - ResultObject set field=DESCRIPCION using public setDescripcion() method
16:32:49,537 (AWT-EventQueue-0) DEBUG [DataNucleus.Query] - Result Class "negocio.Habitacion" doesnt have a public field "disponible"
16:32:49,538 (AWT-EventQueue-0) DEBUG [DataNucleus.Query] - ResultObject set field=DISPONIBLE using public setDisponible() method
16:32:49,563 (AWT-EventQueue-0) DEBUG [DataNucleus.Connection] - ManagedConnection CLOSED : "org.datanucleus.store.rdbms.ConnectionFactoryImpl$ManagedConnectionImpl@278f9a3b [conn=org.datanucleus.store.rdbms.datasource.dbcp2.PoolingDataSource$PoolGuardConnectionWrapper@5488b9c8, commitOnRelease=true, closeOnRelease=true, closeOnTxnEnd=true]"
16:32:49,597 (AWT-EventQueue-0) DEBUG [DataNucleus.Persistence] - ExecutionContext OPENED "org.datanucleus.ExecutionContextImpl@57e559c2" for datastore "org.datanucleus.store.rdbms.RDBMSStoreManager@7d9c4f0a" with txn="org.datanucleus.TransactionImpl@548831c"
16:32:49,597 (AWT-EventQueue-0) DEBUG [DataNucleus.Query] - SQL Query : "SELECT * FROM SERVICIOS"
16:32:49,598 (AWT-EventQueue-0) DEBUG [DataNucleus.Connection] - ManagedConnection OPENED : "org.datanucleus.store.rdbms.ConnectionFactoryImpl$ManagedConnectionImpl@76400bf7 [conn=org.datanucleus.store.rdbms.datasource.dbcp2.PoolingDataSource$PoolGuardConnectionWrapper@b9677b4, commitOnRelease=true, closeOnRelease=true, closeOnTxnEnd=true]" on resource "nontx" with isolation level "read-committed" and auto-commit=false
16:32:49,598 (AWT-EventQueue-0) DEBUG [DataNucleus.Datastore] - Using PreparedStatement "oracle.jdbc.driver.OraclePreparedStatementWrapper@4a8745b9" for connection "org.datanucleus.store.rdbms.datasource.dbcp2.PoolingDataSource$PoolGuardConnectionWrapper@b9677b4"
16:32:49,598 (AWT-EventQueue-0) DEBUG [DataNucleus.Datastore.Native] - SELECT * FROM SERVICIOS
16:32:49,669 (AWT-EventQueue-0) DEBUG [DataNucleus.Datastore.Retrieve] - SQL Execution Time = 71 ms
16:32:49,669 (AWT-EventQueue-0) DEBUG [DataNucleus.Connection] - ManagedConnection COMMITTING : "org.datanucleus.store.rdbms.ConnectionFactoryImpl$ManagedConnectionImpl@76400bf7 [conn=org.datanucleus.store.rdbms.datasource.dbcp2.PoolingDataSource$PoolGuardConnectionWrapper@b9677b4, commitOnRelease=true, closeOnRelease=true, closeOnTxnEnd=true]"
16:32:49,698 (AWT-EventQueue-0) DEBUG [DataNucleus.Query] - Reading in results for query "org.datanucleus.store.rdbms.query.SQLQuery@97211ea1" since the connection used is closing/committing
16:32:49,701 (AWT-EventQueue-0) DEBUG [DataNucleus.Connection] - ManagedConnection CLOSED : "org.datanucleus.store.rdbms.ConnectionFactoryImpl$ManagedConnectionImpl@76400bf7 [conn=org.datanucleus.store.rdbms.datasource.dbcp2.PoolingDataSource$PoolGuardConnectionWrapper@b9677b4, commitOnRelease=true, closeOnRelease=true, closeOnTxnEnd=true]"
16:32:49,732 (AWT-EventQueue-0) DEBUG [DataNucleus.Persistence] - ExecutionContext OPENED "org.datanucleus.ExecutionContextImpl@b58849f" for datastore "org.datanucleus.store.rdbms.RDBMSStoreManager@7d9c4f0a" with txn="org.datanucleus.TransactionImpl@33cb7997"
16:32:49,733 (AWT-EventQueue-0) DEBUG [DataNucleus.Query] - SQL Query : "select * from mantenimientos m, habitacion_mantenimientos hm where m.id = hm.id_mantenimiento"
16:32:49,733 (AWT-EventQueue-0) DEBUG [DataNucleus.Connection] - ManagedConnection OPENED : "org.datanucleus.store.rdbms.ConnectionFactoryImpl$ManagedConnectionImpl@376f058a [conn=org.datanucleus.store.rdbms.datasource.dbcp2.PoolingDataSource$PoolGuardConnectionWrapper@78dc1384, commitOnRelease=true, closeOnRelease=true, closeOnTxnEnd=true]" on resource "nontx" with isolation level "read-committed" and auto-commit=false
16:32:49,733 (AWT-EventQueue-0) DEBUG [DataNucleus.Datastore] - Using PreparedStatement "oracle.jdbc.driver.OraclePreparedStatementWrapper@1033dac9" for connection "org.datanucleus.store.rdbms.datasource.dbcp2.PoolingDataSource$PoolGuardConnectionWrapper@78dc1384"
16:32:49,733 (AWT-EventQueue-0) DEBUG [DataNucleus.Datastore.Native] - select * from mantenimientos m, habitacion_mantenimientos hm where m.id = hm.id_mantenimiento
16:32:49,765 (AWT-EventQueue-0) DEBUG [DataNucleus.Datastore.Retrieve] - SQL Execution Time = 32 ms
16:32:49,765 (AWT-EventQueue-0) DEBUG [DataNucleus.Connection] - ManagedConnection COMMITTING : "org.datanucleus.store.rdbms.ConnectionFactoryImpl$ManagedConnectionImpl@376f058a [conn=org.datanucleus.store.rdbms.datasource.dbcp2.PoolingDataSource$PoolGuardConnectionWrapper@78dc1384, commitOnRelease=true, closeOnRelease=true, closeOnTxnEnd=true]"
16:32:49,787 (AWT-EventQueue-0) DEBUG [DataNucleus.Query] - Reading in results for query "org.datanucleus.store.rdbms.query.SQLQuery@b7515868" since the connection used is closing/committing
16:32:49,788 (AWT-EventQueue-0) DEBUG [DataNucleus.Connection] - ManagedConnection CLOSED : "org.datanucleus.store.rdbms.ConnectionFactoryImpl$ManagedConnectionImpl@376f058a [conn=org.datanucleus.store.rdbms.datasource.dbcp2.PoolingDataSource$PoolGuardConnectionWrapper@78dc1384, commitOnRelease=true, closeOnRelease=true, closeOnTxnEnd=true]"
16:32:49,812 (AWT-EventQueue-0) DEBUG [DataNucleus.Persistence] - ExecutionContext OPENED "org.datanucleus.ExecutionContextImpl@16a10a77" for datastore "org.datanucleus.store.rdbms.RDBMSStoreManager@7d9c4f0a" with txn="org.datanucleus.TransactionImpl@e797b14"
16:32:49,812 (AWT-EventQueue-0) DEBUG [DataNucleus.Query] - SQL Query : "select * from mantenimientos m, servicio_mantenimiento sm where m.id = sm.id_mantenimiento"
16:32:49,813 (AWT-EventQueue-0) DEBUG [DataNucleus.Connection] - ManagedConnection OPENED : "org.datanucleus.store.rdbms.ConnectionFactoryImpl$ManagedConnectionImpl@31327370 [conn=org.datanucleus.store.rdbms.datasource.dbcp2.PoolingDataSource$PoolGuardConnectionWrapper@2fde3593, commitOnRelease=true, closeOnRelease=true, closeOnTxnEnd=true]" on resource "nontx" with isolation level "read-committed" and auto-commit=false
16:32:49,813 (AWT-EventQueue-0) DEBUG [DataNucleus.Datastore] - Using PreparedStatement "oracle.jdbc.driver.OraclePreparedStatementWrapper@6a3a4aa7" for connection "org.datanucleus.store.rdbms.datasource.dbcp2.PoolingDataSource$PoolGuardConnectionWrapper@2fde3593"
16:32:49,813 (AWT-EventQueue-0) DEBUG [DataNucleus.Datastore.Native] - select * from mantenimientos m, servicio_mantenimiento sm where m.id = sm.id_mantenimiento
16:32:49,843 (AWT-EventQueue-0) DEBUG [DataNucleus.Datastore.Retrieve] - SQL Execution Time = 30 ms
16:32:49,843 (AWT-EventQueue-0) DEBUG [DataNucleus.Connection] - ManagedConnection COMMITTING : "org.datanucleus.store.rdbms.ConnectionFactoryImpl$ManagedConnectionImpl@31327370 [conn=org.datanucleus.store.rdbms.datasource.dbcp2.PoolingDataSource$PoolGuardConnectionWrapper@2fde3593, commitOnRelease=true, closeOnRelease=true, closeOnTxnEnd=true]"
16:32:49,873 (AWT-EventQueue-0) DEBUG [DataNucleus.Query] - Reading in results for query "org.datanucleus.store.rdbms.query.SQLQuery@bf9b1055" since the connection used is closing/committing
16:32:49,874 (AWT-EventQueue-0) DEBUG [DataNucleus.Connection] - ManagedConnection CLOSED : "org.datanucleus.store.rdbms.ConnectionFactoryImpl$ManagedConnectionImpl@31327370 [conn=org.datanucleus.store.rdbms.datasource.dbcp2.PoolingDataSource$PoolGuardConnectionWrapper@2fde3593, commitOnRelease=true, closeOnRelease=true, closeOnTxnEnd=true]"
16:33:04,569 (AWT-EventQueue-0) DEBUG [DataNucleus.Persistence] - ExecutionContext OPENED "org.datanucleus.ExecutionContextImpl@23afda2" for datastore "org.datanucleus.store.rdbms.RDBMSStoreManager@7d9c4f0a" with txn="org.datanucleus.TransactionImpl@4a8bffff"
16:33:04,573 (AWT-EventQueue-0) DEBUG [DataNucleus.Transaction] - Transaction created [DataNucleus Transaction, ID=600696748-1, enlisted resources=[]]
16:33:04,573 (AWT-EventQueue-0) DEBUG [DataNucleus.Transaction] - Transaction begun for ExecutionContext org.datanucleus.ExecutionContextImpl@23afda2 (optimistic=false)
16:33:04,573 (AWT-EventQueue-0) DEBUG [DataNucleus.Query] - SQL Query : "INSERT INTO MANTENIMIENTOS(id, fechainicio, fechafin,descripcion) values (?, ?, ?, ?)"
16:33:05,037 (AWT-EventQueue-0) DEBUG [DataNucleus.Connection] - ManagedConnection OPENED : "org.datanucleus.store.rdbms.ConnectionFactoryImpl$ManagedConnectionImpl@62e46c91 [conn=org.datanucleus.store.rdbms.datasource.dbcp2.PoolingDataSource$PoolGuardConnectionWrapper@7e69edf3, commitOnRelease=false, closeOnRelease=false, closeOnTxnEnd=true]" on resource "tx" with isolation level "read-committed" and auto-commit=false
16:33:05,041 (AWT-EventQueue-0) DEBUG [DataNucleus.Transaction] - Running enlist operation on resource: org.datanucleus.store.rdbms.ConnectionFactoryImpl$EmulatedXAResource@4a8d17d4, error code TMNOFLAGS and transaction [DataNucleus Transaction, ID=600696748-1, enlisted resources=[]]
16:33:05,043 (AWT-EventQueue-0) DEBUG [DataNucleus.Datastore] - Using PreparedStatement "org.datanucleus.store.rdbms.ParamLoggingPreparedStatement@3be47446" for connection "org.datanucleus.store.rdbms.datasource.dbcp2.PoolingDataSource$PoolGuardConnectionWrapper@7e69edf3"
16:33:05,044 (AWT-EventQueue-0) DEBUG [DataNucleus.Datastore.Native] - INSERT INTO MANTENIMIENTOS(id, fechainicio, fechafin,descripcion) values (<11>, <20200102>, <20200103>, <'Prueba despues del merge'>)
16:33:05,082 (AWT-EventQueue-0) DEBUG [DataNucleus.Datastore.Persist] - SQL Execution Time = 38 ms (number of rows = 1) on PreparedStatement "org.datanucleus.store.rdbms.ParamLoggingPreparedStatement@3be47446"
16:33:05,083 (AWT-EventQueue-0) DEBUG [DataNucleus.Datastore] - Closing PreparedStatement "org.datanucleus.store.rdbms.ParamLoggingPreparedStatement@3be47446"
16:33:05,083 (AWT-EventQueue-0) DEBUG [DataNucleus.Transaction] - Transaction committing for ExecutionContext org.datanucleus.ExecutionContextImpl@23afda2
16:33:05,083 (AWT-EventQueue-0) DEBUG [DataNucleus.Persistence] - ExecutionContext.internalFlush() START : using ordered flush - 0 enlisted objects
16:33:05,092 (AWT-EventQueue-0) DEBUG [DataNucleus.Persistence] - ExecutionContext.internalFlush() END
16:33:05,092 (AWT-EventQueue-0) DEBUG [DataNucleus.Persistence] - Persistence-By-Reachability (commit) : START
16:33:05,092 (AWT-EventQueue-0) DEBUG [DataNucleus.Persistence] - Persistence-By-Reachability (commit) : END
16:33:05,092 (AWT-EventQueue-0) DEBUG [DataNucleus.Transaction] - Committing [DataNucleus Transaction, ID=600696748-1, enlisted resources=[org.datanucleus.store.rdbms.ConnectionFactoryImpl$EmulatedXAResource@4a8d17d4]]
16:33:05,092 (AWT-EventQueue-0) DEBUG [DataNucleus.Connection] - ManagedConnection COMMITTING : "org.datanucleus.store.rdbms.ConnectionFactoryImpl$ManagedConnectionImpl@62e46c91 [conn=org.datanucleus.store.rdbms.datasource.dbcp2.PoolingDataSource$PoolGuardConnectionWrapper@7e69edf3, commitOnRelease=false, closeOnRelease=false, closeOnTxnEnd=true]"
16:33:05,126 (AWT-EventQueue-0) DEBUG [DataNucleus.Connection] - ManagedConnection CLOSED : "org.datanucleus.store.rdbms.ConnectionFactoryImpl$ManagedConnectionImpl@62e46c91 [conn=org.datanucleus.store.rdbms.datasource.dbcp2.PoolingDataSource$PoolGuardConnectionWrapper@7e69edf3, commitOnRelease=false, closeOnRelease=false, closeOnTxnEnd=true]"
16:33:05,162 (AWT-EventQueue-0) DEBUG [DataNucleus.Transaction] - Transaction committed in 79 ms
16:33:05,164 (AWT-EventQueue-0) DEBUG [DataNucleus.Persistence] - ExecutionContext CLOSED "org.datanucleus.ExecutionContextImpl@23afda2"
16:33:05,165 (AWT-EventQueue-0) DEBUG [DataNucleus.Persistence] - ExecutionContext OPENED "org.datanucleus.ExecutionContextImpl@23afda2" for datastore "org.datanucleus.store.rdbms.RDBMSStoreManager@7d9c4f0a" with txn="org.datanucleus.TransactionImpl@63cf31fa"
16:33:05,165 (AWT-EventQueue-0) DEBUG [DataNucleus.Transaction] - Transaction created [DataNucleus Transaction, ID=600696748-2, enlisted resources=[]]
16:33:05,165 (AWT-EventQueue-0) DEBUG [DataNucleus.Transaction] - Transaction begun for ExecutionContext org.datanucleus.ExecutionContextImpl@23afda2 (optimistic=false)
16:33:05,165 (AWT-EventQueue-0) DEBUG [DataNucleus.Persistence] - ExecutionContext OPENED "org.datanucleus.ExecutionContextImpl@3b97dc1f" for datastore "org.datanucleus.store.rdbms.RDBMSStoreManager@7d9c4f0a" with txn="org.datanucleus.TransactionImpl@67672d76"
16:33:05,166 (AWT-EventQueue-0) DEBUG [DataNucleus.Query] - SQL Query : "INSERT INTO HABITACION_MANTENIMIENTOS(id_mantenimiento, numeroHabitacion) values (?, ?)"
16:33:05,166 (AWT-EventQueue-0) DEBUG [DataNucleus.Connection] - ManagedConnection OPENED : "org.datanucleus.store.rdbms.ConnectionFactoryImpl$ManagedConnectionImpl@252ace19 [conn=org.datanucleus.store.rdbms.datasource.dbcp2.PoolingDataSource$PoolGuardConnectionWrapper@20589987, commitOnRelease=true, closeOnRelease=true, closeOnTxnEnd=true]" on resource "nontx" with isolation level "read-committed" and auto-commit=false
16:33:05,166 (AWT-EventQueue-0) DEBUG [DataNucleus.Datastore] - Using PreparedStatement "org.datanucleus.store.rdbms.ParamLoggingPreparedStatement@7e0a0c67" for connection "org.datanucleus.store.rdbms.datasource.dbcp2.PoolingDataSource$PoolGuardConnectionWrapper@20589987"
16:33:05,166 (AWT-EventQueue-0) DEBUG [DataNucleus.Datastore.Native] - INSERT INTO HABITACION_MANTENIMIENTOS(id_mantenimiento, numeroHabitacion) values (<11>, <101>)
16:33:05,233 (AWT-EventQueue-0) DEBUG [DataNucleus.Datastore.Persist] - SQL Execution Time = 67 ms (number of rows = 1) on PreparedStatement "org.datanucleus.store.rdbms.ParamLoggingPreparedStatement@7e0a0c67"
16:33:05,233 (AWT-EventQueue-0) DEBUG [DataNucleus.Datastore] - Closing PreparedStatement "org.datanucleus.store.rdbms.ParamLoggingPreparedStatement@7e0a0c67"
16:33:05,234 (AWT-EventQueue-0) DEBUG [DataNucleus.Connection] - ManagedConnection COMMITTING : "org.datanucleus.store.rdbms.ConnectionFactoryImpl$ManagedConnectionImpl@252ace19 [conn=org.datanucleus.store.rdbms.datasource.dbcp2.PoolingDataSource$PoolGuardConnectionWrapper@20589987, commitOnRelease=true, closeOnRelease=true, closeOnTxnEnd=true]"
16:33:05,260 (AWT-EventQueue-0) DEBUG [DataNucleus.Connection] - ManagedConnection CLOSED : "org.datanucleus.store.rdbms.ConnectionFactoryImpl$ManagedConnectionImpl@252ace19 [conn=org.datanucleus.store.rdbms.datasource.dbcp2.PoolingDataSource$PoolGuardConnectionWrapper@20589987, commitOnRelease=true, closeOnRelease=true, closeOnTxnEnd=true]"
16:33:05,287 (AWT-EventQueue-0) DEBUG [DataNucleus.Transaction] - Transaction committing for ExecutionContext org.datanucleus.ExecutionContextImpl@23afda2
16:33:05,288 (AWT-EventQueue-0) DEBUG [DataNucleus.Persistence] - ExecutionContext.internalFlush() START : using ordered flush - 0 enlisted objects
16:33:05,288 (AWT-EventQueue-0) DEBUG [DataNucleus.Persistence] - ExecutionContext.internalFlush() END
16:33:05,288 (AWT-EventQueue-0) DEBUG [DataNucleus.Persistence] - Persistence-By-Reachability (commit) : START
16:33:05,288 (AWT-EventQueue-0) DEBUG [DataNucleus.Persistence] - Persistence-By-Reachability (commit) : END
16:33:05,288 (AWT-EventQueue-0) DEBUG [DataNucleus.Transaction] - Committing [DataNucleus Transaction, ID=600696748-2, enlisted resources=[]]
16:33:05,288 (AWT-EventQueue-0) DEBUG [DataNucleus.Transaction] - Transaction committed in 1 ms
16:33:05,290 (AWT-EventQueue-0) DEBUG [DataNucleus.Persistence] - ExecutionContext CLOSED "org.datanucleus.ExecutionContextImpl@23afda2"
16:33:05,290 (AWT-EventQueue-0) DEBUG [DataNucleus.Persistence] - ExecutionContext OPENED "org.datanucleus.ExecutionContextImpl@23afda2" for datastore "org.datanucleus.store.rdbms.RDBMSStoreManager@7d9c4f0a" with txn="org.datanucleus.TransactionImpl@6fa232af"
16:33:05,290 (AWT-EventQueue-0) DEBUG [DataNucleus.Transaction] - Transaction created [DataNucleus Transaction, ID=600696748-3, enlisted resources=[]]
16:33:05,291 (AWT-EventQueue-0) DEBUG [DataNucleus.Transaction] - Transaction begun for ExecutionContext org.datanucleus.ExecutionContextImpl@23afda2 (optimistic=false)
16:33:05,291 (AWT-EventQueue-0) DEBUG [DataNucleus.Persistence] - ExecutionContext OPENED "org.datanucleus.ExecutionContextImpl@78fb55f3" for datastore "org.datanucleus.store.rdbms.RDBMSStoreManager@7d9c4f0a" with txn="org.datanucleus.TransactionImpl@56bc17bf"
16:33:05,291 (AWT-EventQueue-0) DEBUG [DataNucleus.Query] - SQL Query : "INSERT INTO SERVICIO_MANTENIMIENTO(id_mantenimiento, id_servicio) values (?, ?)"
16:33:05,291 (AWT-EventQueue-0) DEBUG [DataNucleus.Connection] - ManagedConnection OPENED : "org.datanucleus.store.rdbms.ConnectionFactoryImpl$ManagedConnectionImpl@6f23b794 [conn=org.datanucleus.store.rdbms.datasource.dbcp2.PoolingDataSource$PoolGuardConnectionWrapper@4d55334e, commitOnRelease=true, closeOnRelease=true, closeOnTxnEnd=true]" on resource "nontx" with isolation level "read-committed" and auto-commit=false
16:33:05,292 (AWT-EventQueue-0) DEBUG [DataNucleus.Datastore] - Using PreparedStatement "org.datanucleus.store.rdbms.ParamLoggingPreparedStatement@7b62c4b4" for connection "org.datanucleus.store.rdbms.datasource.dbcp2.PoolingDataSource$PoolGuardConnectionWrapper@4d55334e"
16:33:05,292 (AWT-EventQueue-0) DEBUG [DataNucleus.Datastore.Native] - INSERT INTO SERVICIO_MANTENIMIENTO(id_mantenimiento, id_servicio) values (<11>, <1>)
16:33:05,405 (AWT-EventQueue-0) DEBUG [DataNucleus.Datastore.Persist] - SQL Execution Time = 112 ms (number of rows = 1) on PreparedStatement "org.datanucleus.store.rdbms.ParamLoggingPreparedStatement@7b62c4b4"
16:33:05,405 (AWT-EventQueue-0) DEBUG [DataNucleus.Datastore] - Closing PreparedStatement "org.datanucleus.store.rdbms.ParamLoggingPreparedStatement@7b62c4b4"
16:33:05,405 (AWT-EventQueue-0) DEBUG [DataNucleus.Connection] - ManagedConnection COMMITTING : "org.datanucleus.store.rdbms.ConnectionFactoryImpl$ManagedConnectionImpl@6f23b794 [conn=org.datanucleus.store.rdbms.datasource.dbcp2.PoolingDataSource$PoolGuardConnectionWrapper@4d55334e, commitOnRelease=true, closeOnRelease=true, closeOnTxnEnd=true]"
16:33:05,525 (AWT-EventQueue-0) DEBUG [DataNucleus.Connection] - ManagedConnection CLOSED : "org.datanucleus.store.rdbms.ConnectionFactoryImpl$ManagedConnectionImpl@6f23b794 [conn=org.datanucleus.store.rdbms.datasource.dbcp2.PoolingDataSource$PoolGuardConnectionWrapper@4d55334e, commitOnRelease=true, closeOnRelease=true, closeOnTxnEnd=true]"
16:33:05,544 (AWT-EventQueue-0) DEBUG [DataNucleus.Transaction] - Transaction committing for ExecutionContext org.datanucleus.ExecutionContextImpl@23afda2
16:33:05,544 (AWT-EventQueue-0) DEBUG [DataNucleus.Persistence] - ExecutionContext.internalFlush() START : using ordered flush - 0 enlisted objects
16:33:05,544 (AWT-EventQueue-0) DEBUG [DataNucleus.Persistence] - ExecutionContext.internalFlush() END
16:33:05,544 (AWT-EventQueue-0) DEBUG [DataNucleus.Persistence] - Persistence-By-Reachability (commit) : START
16:33:05,544 (AWT-EventQueue-0) DEBUG [DataNucleus.Persistence] - Persistence-By-Reachability (commit) : END
16:33:05,544 (AWT-EventQueue-0) DEBUG [DataNucleus.Transaction] - Committing [DataNucleus Transaction, ID=600696748-3, enlisted resources=[]]
16:33:05,545 (AWT-EventQueue-0) DEBUG [DataNucleus.Transaction] - Transaction committed in 1 ms
16:33:05,548 (AWT-EventQueue-0) DEBUG [DataNucleus.Persistence] - ExecutionContext CLOSED "org.datanucleus.ExecutionContextImpl@23afda2"
